Command line:
   disp_tb_isim_beh.exe
     -simmode  gui
     -simrunnum  0
     -socket  53931

Sat Mar 17 21:09:06 2018


 Elaboration Time: 0.078125 sec

 Current Memory Usage: 878.678 Meg

 Total Signals          : 273
 Total Nets             : 1333
 Total Signal Drivers   : 164
 Total Blocks           : 60
 Total Primitive Blocks : 44
 Total Processes        : 256
 Total Traceable Variables  : 180
 Total Scalar Nets and Variables : 3952
Total Line Count : 21388

 Total Simulation Time: 9.73438 sec

 Current Memory Usage: 1036.23 Meg

Sat Mar 17 21:16:30 2018

